<?xml version="1.0" encoding="UTF-8"?>
<!-- Generated by org.testng.reporters.JUnitXMLReporter -->
<testsuite ignored="4" hostname="DESKTOP-43D1CRR" failures="0" tests="3" name="Test" time="299.256" errors="0" timestamp="2022-06-18T13:57:26 IST">
  <testcase classname="com.crm.contacts.EmailOptOutBoxIsEnableorNot" name="emailOptOutBoxIsEnableorNot" time="44.102"/>
  <testcase classname="com.crm.contacts.NotifyOwnerBoxIsEnableorNot" name="notifyOwnerBoxIsEnableorNot" time="25.551"/>
  <testcase classname="com.crm.contacts.PortalUserBoxIsEnableorNot" name="portalUserBoxIsEnableorNot" time="26.008"/>
  <testcase classname="com.crm.genricutilities.BaseClass" name="@BeforeSuite dbConfig" time="0.0">
    <ignored/>
  </testcase> <!-- @BeforeSuite dbConfig -->
  <testcase classname="com.crm.genricutilities.BaseClass" name="@BeforeSuite dbConfig" time="0.0">
    <ignored/>
  </testcase> <!-- @BeforeSuite dbConfig -->
  <testcase classname="com.crm.genricutilities.BaseClass" name="@AfterSuite closeDBconfig" time="0.0">
    <ignored/>
  </testcase> <!-- @AfterSuite closeDBconfig -->
  <testcase classname="com.crm.genricutilities.BaseClass" name="@AfterSuite closeDBconfig" time="0.0">
    <ignored/>
  </testcase> <!-- @AfterSuite closeDBconfig -->
</testsuite> <!-- Test -->
