<?xml version="1.0" encoding="UTF-8"?>
<!-- Generated by org.testng.reporters.JUnitXMLReporter -->
<testsuite ignored="6" hostname="DESKTOP-43D1CRR" failures="0" tests="4" name="Test1" time="92.222" errors="0" timestamp="2022-06-15T16:47:45 IST">
  <testcase classname="com.crm.vtigerContacts.PortalUserBoxIsEnableorNot" name="portalUserBoxIsEnableorNot" time="50.371"/>
  <testcase classname="com.crm.vtigerContacts.NotifyOwnerBoxIsEnableorNot" name="notifyOwnerBoxIsEnableorNot" time="47.577"/>
  <testcase classname="com.crm.vtigerContacts.EmailOptOutBoxIsEnableorNot" name="emailOptOutBoxIsEnableorNot" time="49.832"/>
  <testcase classname="com.crm.vtigerContacts.ReferenceBoxisEnabledorNot" name="referenceBoxisEnabledorNot" time="51.233"/>
  <testcase classname="genricutilities.BaseClass" name="@BeforeSuite dbConfig" time="0.0">
    <ignored/>
  </testcase> <!-- @BeforeSuite dbConfig -->
  <testcase classname="genricutilities.BaseClass" name="@BeforeSuite dbConfig" time="0.0">
    <ignored/>
  </testcase> <!-- @BeforeSuite dbConfig -->
  <testcase classname="genricutilities.BaseClass" name="@BeforeSuite dbConfig" time="0.0">
    <ignored/>
  </testcase> <!-- @BeforeSuite dbConfig -->
  <testcase classname="genricutilities.BaseClass" name="@AfterSuite closeDBconfig" time="0.0">
    <ignored/>
  </testcase> <!-- @AfterSuite closeDBconfig -->
  <testcase classname="genricutilities.BaseClass" name="@AfterSuite closeDBconfig" time="0.0">
    <ignored/>
  </testcase> <!-- @AfterSuite closeDBconfig -->
  <testcase classname="genricutilities.BaseClass" name="@AfterSuite closeDBconfig" time="0.0">
    <ignored/>
  </testcase> <!-- @AfterSuite closeDBconfig -->
</testsuite> <!-- Test1 -->
